# JRE version: Java(TM) SE Runtime Environment (8.0_121-b13) (build 1.8.0_121-b13)
# Java VM: Java HotSpot(TM) Server VM (25.121-b13 mixed mode linux-x86 )
Heap:
 PSYoungGen      total 206336K, used 1094K [0x95000000, 0xa3e00000, 0xa7000000)
  eden space 193024K, 0% used [0x95000000,0x95000000,0xa0c80000)
  from space 13312K, 8% used [0xa0c80000,0xa0d91b10,0xa1980000)
  to   space 10496K, 0% used [0xa1980000,0xa1980000,0xa23c0000)
 ParOldGen       total 36608K, used 26065K [0x71000000, 0x733c0000, 0x95000000)
  object space 36608K, 71% used [0x71000000,0x729744e0,0x733c0000)
 Metaspace       used 26970K, capacity 27195K, committed 27308K, reserved 27952K
GC Heap History (10 events):
Event: 7.500 GC heap after
Heap after GC invocations=9 (full 0):
 PSYoungGen      total 115968K, used 8160K [0x95000000, 0xa0ac0000, 0xa7000000)
  eden space 105984K, 0% used [0x95000000,0x95000000,0x9b780000)
  from space 9984K, 81% used [0x9b780000,0x9bf78348,0x9c140000)
  to   space 10752K, 0% used [0xa0040000,0xa0040000,0xa0ac0000)
 ParOldGen       total 36864K, used 12396K [0x71000000, 0x73400000, 0x95000000)
  object space 36864K, 33% used [0x71000000,0x71c1b338,0x73400000)
 Metaspace       used 16168K, capacity 16368K, committed 16384K, reserved 16688K
}
Event: 7.500 GC heap before
{Heap before GC invocations=10 (full 1):
 PSYoungGen      total 115968K, used 8160K [0x95000000, 0xa0ac0000, 0xa7000000)
  eden space 105984K, 0% used [0x95000000,0x95000000,0x9b780000)
  from space 9984K, 81% used [0x9b780000,0x9bf78348,0x9c140000)
  to   space 10752K, 0% used [0xa0040000,0xa0040000,0xa0ac0000)
 ParOldGen       total 36864K, used 12396K [0x71000000, 0x73400000, 0x95000000)
  object space 36864K, 33% used [0x71000000,0x71c1b338,0x73400000)
 Metaspace       used 16168K, capacity 16368K, committed 16384K, reserved 16688K
Event: 8.760 GC heap after
Heap after GC invocations=10 (full 1):
 PSYoungGen      total 115968K, used 0K [0x95000000, 0xa0ac0000, 0xa7000000)
  eden space 105984K, 0% used [0x95000000,0x95000000,0x9b780000)
  from space 9984K, 0% used [0x9b780000,0x9b780000,0x9c140000)
  to   space 10752K, 0% used [0xa0040000,0xa0040000,0xa0ac0000)
 ParOldGen       total 36608K, used 14465K [0x71000000, 0x733c0000, 0x95000000)
  object space 36608K, 39% used [0x71000000,0x71e20430,0x733c0000)
 Metaspace       used 16168K, capacity 16368K, committed 16384K, reserved 16688K
}
Event: 14.704 GC heap before
{Heap before GC invocations=11 (full 1):
 PSYoungGen      total 115968K, used 105984K [0x95000000, 0xa0ac0000, 0xa7000000)
  eden space 105984K, 100% used [0x95000000,0x9b780000,0x9b780000)
  from space 9984K, 0% used [0x9b780000,0x9b780000,0x9c140000)
  to   space 10752K, 0% used [0xa0040000,0xa0040000,0xa0ac0000)
 ParOldGen       total 36608K, used 14465K [0x71000000, 0x733c0000, 0x95000000)
  object space 36608K, 39% used [0x71000000,0x71e20430,0x733c0000)
 Metaspace       used 19015K, capacity 19242K, committed 19328K, reserved 19760K
Event: 14.718 GC heap after
Heap after GC invocations=11 (full 1):
 PSYoungGen      total 153088K, used 6698K [0x95000000, 0xa0700000, 0xa7000000)
  eden space 146176K, 0% used [0x95000000,0x95000000,0x9dec0000)
  from space 6912K, 96% used [0xa0040000,0xa06caba8,0xa0700000)
  to   space 10752K, 0% used [0x9f200000,0x9f200000,0x9fc80000)
 ParOldGen       total 36608K, used 14469K [0x71000000, 0x733c0000, 0x95000000)
  object space 36608K, 39% used [0x71000000,0x71e21430,0x733c0000)
 Metaspace       used 19015K, capacity 19242K, committed 19328K, reserved 19760K
}
Event: 18.206 GC heap before
{Heap before GC invocations=12 (full 1):
 PSYoungGen      total 153088K, used 152874K [0x95000000, 0xa0700000, 0xa7000000)
  eden space 146176K, 100% used [0x95000000,0x9dec0000,0x9dec0000)
  from space 6912K, 96% used [0xa0040000,0xa06caba8,0xa0700000)
  to   space 10752K, 0% used [0x9f200000,0x9f200000,0x9fc80000)
 ParOldGen       total 36608K, used 14469K [0x71000000, 0x733c0000, 0x95000000)
  object space 36608K, 39% used [0x71000000,0x71e21430,0x733c0000)
 Metaspace       used 20584K, capacity 20810K, committed 20864K, reserved 21808K
Event: 18.228 GC heap after
Heap after GC invocations=12 (full 1):
 PSYoungGen      total 176640K, used 3917K [0x95000000, 0xa23c0000, 0xa7000000)
  eden space 165888K, 0% used [0x95000000,0x95000000,0x9f200000)
  from space 10752K, 36% used [0x9f200000,0x9f5d34a0,0x9fc80000)
  to   space 10496K, 0% used [0xa1980000,0xa1980000,0xa23c0000)
 ParOldGen       total 36608K, used 18137K [0x71000000, 0x733c0000, 0x95000000)
  object space 36608K, 49% used [0x71000000,0x721b64a0,0x733c0000)
 Metaspace       used 20584K, capacity 20810K, committed 20864K, reserved 21808K
}
Event: 20.593 GC heap before
{Heap before GC invocations=13 (full 1):
 PSYoungGen      total 176640K, used 169805K [0x95000000, 0xa23c0000, 0xa7000000)
  eden space 165888K, 100% used [0x95000000,0x9f200000,0x9f200000)
  from space 10752K, 36% used [0x9f200000,0x9f5d34a0,0x9fc80000)
  to   space 10496K, 0% used [0xa1980000,0xa1980000,0xa23c0000)
 ParOldGen       total 36608K, used 18137K [0x71000000, 0x733c0000, 0x95000000)
  object space 36608K, 49% used [0x71000000,0x721b64a0,0x733c0000)
 Metaspace       used 26302K, capacity 26513K, committed 26624K, reserved 26928K
Event: 20.716 GC heap after
Heap after GC invocations=13 (full 1):
 PSYoungGen      total 203520K, used 10484K [0x95000000, 0xa3e00000, 0xa7000000)
  eden space 193024K, 0% used [0x95000000,0x95000000,0xa0c80000)
  from space 10496K, 99% used [0xa1980000,0xa23bd130,0xa23c0000)
  to   space 13312K, 0% used [0xa0c80000,0xa0c80000,0xa1980000)
 ParOldGen       total 36608K, used 22203K [0x71000000, 0x733c0000, 0x95000000)
  object space 36608K, 60% used [0x71000000,0x725aefe0,0x733c0000)
 Metaspace       used 26302K, capacity 26513K, committed 26624K, reserved 26928K
}
Event: 101.290 GC heap before
{Heap before GC invocations=14 (full 1):
 PSYoungGen      total 203520K, used 48801K [0x95000000, 0xa3e00000, 0xa7000000)
  eden space 193024K, 19% used [0x95000000,0x9756b2d0,0xa0c80000)
  from space 10496K, 99% used [0xa1980000,0xa23bd130,0xa23c0000)
  to   space 13312K, 0% used [0xa0c80000,0xa0c80000,0xa1980000)
 ParOldGen       total 36608K, used 22203K [0x71000000, 0x733c0000, 0x95000000)
  object space 36608K, 60% used [0x71000000,0x725aefe0,0x733c0000)
 Metaspace       used 26970K, capacity 27195K, committed 27308K, reserved 27952K

