# JRE version: Java(TM) SE Runtime Environment (8.0_121-b13) (build 1.8.0_121-b13)
# Java VM: Java HotSpot(TM) Server VM (25.121-b13 mixed mode linux-x86 )
Heap:
 PSYoungGen      total 183552K, used 8433K [0x95000000, 0xa1b80000, 0xa7000000)
  eden space 175104K, 0% used [0x95000000,0x95000000,0x9fb00000)
  from space 8448K, 99% used [0x9fb00000,0xa033c488,0xa0340000)
  to   space 8192K, 0% used [0xa0340000,0xa0340000,0xa0b40000)
 ParOldGen       total 34816K, used 21116K [0x71000000, 0x73200000, 0x95000000)
  object space 34816K, 60% used [0x71000000,0x7249f218,0x73200000)
 Metaspace       used 26995K, capacity 27205K, committed 27308K, reserved 27952K
GC Heap History (10 events):
Event: 10.066 GC heap after
Heap after GC invocations=11 (full 0):
 PSYoungGen      total 94720K, used 3938K [0x95000000, 0x9e680000, 0xa7000000)
  eden space 85760K, 0% used [0x95000000,0x95000000,0x9a3c0000)
  from space 8960K, 43% used [0x9a3c0000,0x9a798b90,0x9ac80000)
  to   space 8448K, 0% used [0x9de40000,0x9de40000,0x9e680000)
 ParOldGen       total 36864K, used 14196K [0x71000000, 0x73400000, 0x95000000)
  object space 36864K, 38% used [0x71000000,0x71ddd0b8,0x73400000)
 Metaspace       used 16176K, capacity 16364K, committed 16384K, reserved 16688K
}
Event: 10.066 GC heap before
{Heap before GC invocations=12 (full 1):
 PSYoungGen      total 94720K, used 3938K [0x95000000, 0x9e680000, 0xa7000000)
  eden space 85760K, 0% used [0x95000000,0x95000000,0x9a3c0000)
  from space 8960K, 43% used [0x9a3c0000,0x9a798b90,0x9ac80000)
  to   space 8448K, 0% used [0x9de40000,0x9de40000,0x9e680000)
 ParOldGen       total 36864K, used 14196K [0x71000000, 0x73400000, 0x95000000)
  object space 36864K, 38% used [0x71000000,0x71ddd0b8,0x73400000)
 Metaspace       used 16176K, capacity 16364K, committed 16384K, reserved 16688K
Event: 10.132 GC heap after
Heap after GC invocations=12 (full 1):
 PSYoungGen      total 94720K, used 0K [0x95000000, 0x9e680000, 0xa7000000)
  eden space 85760K, 0% used [0x95000000,0x95000000,0x9a3c0000)
  from space 8960K, 0% used [0x9a3c0000,0x9a3c0000,0x9ac80000)
  to   space 8448K, 0% used [0x9de40000,0x9de40000,0x9e680000)
 ParOldGen       total 34816K, used 13251K [0x71000000, 0x73200000, 0x95000000)
  object space 34816K, 38% used [0x71000000,0x71cf0da0,0x73200000)
 Metaspace       used 16176K, capacity 16364K, committed 16384K, reserved 16688K
}
Event: 11.763 GC heap before
{Heap before GC invocations=13 (full 1):
 PSYoungGen      total 94720K, used 85760K [0x95000000, 0x9e680000, 0xa7000000)
  eden space 85760K, 100% used [0x95000000,0x9a3c0000,0x9a3c0000)
  from space 8960K, 0% used [0x9a3c0000,0x9a3c0000,0x9ac80000)
  to   space 8448K, 0% used [0x9de40000,0x9de40000,0x9e680000)
 ParOldGen       total 34816K, used 13251K [0x71000000, 0x73200000, 0x95000000)
  object space 34816K, 38% used [0x71000000,0x71cf0da0,0x73200000)
 Metaspace       used 18397K, capacity 18607K, committed 18688K, reserved 18736K
Event: 11.775 GC heap after
Heap after GC invocations=13 (full 1):
 PSYoungGen      total 126720K, used 5355K [0x95000000, 0x9e380000, 0xa7000000)
  eden space 121344K, 0% used [0x95000000,0x95000000,0x9c680000)
  from space 5376K, 99% used [0x9de40000,0x9e37ac88,0x9e380000)
  to   space 8448K, 0% used [0x9d300000,0x9d300000,0x9db40000)
 ParOldGen       total 34816K, used 13255K [0x71000000, 0x73200000, 0x95000000)
  object space 34816K, 38% used [0x71000000,0x71cf1da0,0x73200000)
 Metaspace       used 18397K, capacity 18607K, committed 18688K, reserved 18736K
}
Event: 14.905 GC heap before
{Heap before GC invocations=14 (full 1):
 PSYoungGen      total 126720K, used 126699K [0x95000000, 0x9e380000, 0xa7000000)
  eden space 121344K, 100% used [0x95000000,0x9c680000,0x9c680000)
  from space 5376K, 99% used [0x9de40000,0x9e37ac88,0x9e380000)
  to   space 8448K, 0% used [0x9d300000,0x9d300000,0x9db40000)
 ParOldGen       total 34816K, used 13255K [0x71000000, 0x73200000, 0x95000000)
  object space 34816K, 38% used [0x71000000,0x71cf1da0,0x73200000)
 Metaspace       used 20350K, capacity 20571K, committed 20736K, reserved 20784K
Event: 15.004 GC heap after
Heap after GC invocations=14 (full 1):
 PSYoungGen      total 142592K, used 3997K [0x95000000, 0xa0b40000, 0xa7000000)
  eden space 134144K, 0% used [0x95000000,0x95000000,0x9d300000)
  from space 8448K, 47% used [0x9d300000,0x9d6e7648,0x9db40000)
  to   space 8192K, 0% used [0xa0340000,0xa0340000,0xa0b40000)
 ParOldGen       total 34816K, used 15773K [0x71000000, 0x73200000, 0x95000000)
  object space 34816K, 45% used [0x71000000,0x71f675f0,0x73200000)
 Metaspace       used 20350K, capacity 20571K, committed 20736K, reserved 20784K
}
Event: 23.113 GC heap before
{Heap before GC invocations=15 (full 1):
 PSYoungGen      total 142592K, used 138141K [0x95000000, 0xa0b40000, 0xa7000000)
  eden space 134144K, 100% used [0x95000000,0x9d300000,0x9d300000)
  from space 8448K, 47% used [0x9d300000,0x9d6e7648,0x9db40000)
  to   space 8192K, 0% used [0xa0340000,0xa0340000,0xa0b40000)
 ParOldGen       total 34816K, used 15773K [0x71000000, 0x73200000, 0x95000000)
  object space 34816K, 45% used [0x71000000,0x71f675f0,0x73200000)
 Metaspace       used 22894K, capacity 23104K, committed 23296K, reserved 23856K
Event: 23.180 GC heap after
Heap after GC invocations=15 (full 1):
 PSYoungGen      total 183296K, used 6459K [0x95000000, 0xa1b80000, 0xa7000000)
  eden space 175104K, 0% used [0x95000000,0x95000000,0x9fb00000)
  from space 8192K, 78% used [0xa0340000,0xa098ec50,0xa0b40000)
  to   space 8448K, 0% used [0x9fb00000,0x9fb00000,0xa0340000)
 ParOldGen       total 34816K, used 17814K [0x71000000, 0x73200000, 0x95000000)
  object space 34816K, 51% used [0x71000000,0x72165988,0x73200000)
 Metaspace       used 22894K, capacity 23104K, committed 23296K, reserved 23856K
}
Event: 30.002 GC heap before
{Heap before GC invocations=16 (full 1):
 PSYoungGen      total 183296K, used 117428K [0x95000000, 0xa1b80000, 0xa7000000)
  eden space 175104K, 63% used [0x95000000,0x9bc5e430,0x9fb00000)
  from space 8192K, 78% used [0xa0340000,0xa098ec50,0xa0b40000)
  to   space 8448K, 0% used [0x9fb00000,0x9fb00000,0xa0340000)
 ParOldGen       total 34816K, used 17814K [0x71000000, 0x73200000, 0x95000000)
  object space 34816K, 51% used [0x71000000,0x72165988,0x73200000)
 Metaspace       used 26995K, capacity 27205K, committed 27308K, reserved 27952K

