# JRE version: Java(TM) SE Runtime Environment (8.0_121-b13) (build 1.8.0_121-b13)
# Java VM: Java HotSpot(TM) Server VM (25.121-b13 mixed mode linux-x86 )
Heap:
 PSYoungGen      total 154624K, used 8187K [0x95000000, 0x9f580000, 0xa7000000)
  eden space 145152K, 0% used [0x95000000,0x95000000,0x9ddc0000)
  from space 9472K, 86% used [0x9ddc0000,0x9e5bee58,0x9e700000)
  to   space 8704K, 0% used [0x9e700000,0x9e700000,0x9ef80000)
 ParOldGen       total 56064K, used 25780K [0x71000000, 0x746c0000, 0x95000000)
  object space 56064K, 45% used [0x71000000,0x7292d370,0x746c0000)
 Metaspace       used 31515K, capacity 31774K, committed 32000K, reserved 32048K
GC Heap History (10 events):
Event: 11.606 GC heap after
Heap after GC invocations=14 (full 1):
 PSYoungGen      total 90368K, used 4352K [0x95000000, 0x9c740000, 0xa7000000)
  eden space 82176K, 0% used [0x95000000,0x95000000,0x9a040000)
  from space 8192K, 53% used [0x9a040000,0x9a4801f8,0x9a840000)
  to   space 7680K, 0% used [0x9bfc0000,0x9bfc0000,0x9c740000)
 ParOldGen       total 37376K, used 15732K [0x71000000, 0x73480000, 0x95000000)
  object space 37376K, 42% used [0x71000000,0x71f5d3f0,0x73480000)
 Metaspace       used 20312K, capacity 20539K, committed 20608K, reserved 20784K
}
Event: 12.868 GC heap before
{Heap before GC invocations=15 (full 1):
 PSYoungGen      total 90368K, used 86528K [0x95000000, 0x9c740000, 0xa7000000)
  eden space 82176K, 100% used [0x95000000,0x9a040000,0x9a040000)
  from space 8192K, 53% used [0x9a040000,0x9a4801f8,0x9a840000)
  to   space 7680K, 0% used [0x9bfc0000,0x9bfc0000,0x9c740000)
 ParOldGen       total 37376K, used 15732K [0x71000000, 0x73480000, 0x95000000)
  object space 37376K, 42% used [0x71000000,0x71f5d3f0,0x73480000)
 Metaspace       used 20608K, capacity 20827K, committed 20992K, reserved 21808K
Event: 12.888 GC heap after
Heap after GC invocations=15 (full 1):
 PSYoungGen      total 114176K, used 1035K [0x95000000, 0x9ca80000, 0xa7000000)
  eden space 106496K, 0% used [0x95000000,0x95000000,0x9b800000)
  from space 7680K, 13% used [0x9bfc0000,0x9c0c2f00,0x9c740000)
  to   space 7936K, 0% used [0x9b800000,0x9b800000,0x9bfc0000)
 ParOldGen       total 37376K, used 17921K [0x71000000, 0x73480000, 0x95000000)
  object space 37376K, 47% used [0x71000000,0x721807d8,0x73480000)
 Metaspace       used 20608K, capacity 20827K, committed 20992K, reserved 21808K
}
Event: 14.175 GC heap before
{Heap before GC invocations=16 (full 1):
 PSYoungGen      total 114176K, used 107531K [0x95000000, 0x9ca80000, 0xa7000000)
  eden space 106496K, 100% used [0x95000000,0x9b800000,0x9b800000)
  from space 7680K, 13% used [0x9bfc0000,0x9c0c2f00,0x9c740000)
  to   space 7936K, 0% used [0x9b800000,0x9b800000,0x9bfc0000)
 ParOldGen       total 37376K, used 17921K [0x71000000, 0x73480000, 0x95000000)
  object space 37376K, 47% used [0x71000000,0x721807d8,0x73480000)
 Metaspace       used 23479K, capacity 23712K, committed 23808K, reserved 23856K
Event: 14.201 GC heap after
Heap after GC invocations=16 (full 1):
 PSYoungGen      total 114432K, used 7006K [0x95000000, 0x9ef80000, 0xa7000000)
  eden space 106496K, 0% used [0x95000000,0x95000000,0x9b800000)
  from space 7936K, 88% used [0x9b800000,0x9bed7bf0,0x9bfc0000)
  to   space 8704K, 0% used [0x9e700000,0x9e700000,0x9ef80000)
 ParOldGen       total 37376K, used 18561K [0x71000000, 0x73480000, 0x95000000)
  object space 37376K, 49% used [0x71000000,0x722207d8,0x73480000)
 Metaspace       used 23479K, capacity 23712K, committed 23808K, reserved 23856K
}
Event: 17.652 GC heap before
{Heap before GC invocations=17 (full 1):
 PSYoungGen      total 114432K, used 99405K [0x95000000, 0x9ef80000, 0xa7000000)
  eden space 106496K, 86% used [0x95000000,0x9aa3ba38,0x9b800000)
  from space 7936K, 88% used [0x9b800000,0x9bed7bf0,0x9bfc0000)
  to   space 8704K, 0% used [0x9e700000,0x9e700000,0x9ef80000)
 ParOldGen       total 37376K, used 18561K [0x71000000, 0x73480000, 0x95000000)
  object space 37376K, 49% used [0x71000000,0x722207d8,0x73480000)
 Metaspace       used 26993K, capacity 27210K, committed 27308K, reserved 27952K
Event: 17.760 GC heap after
Heap after GC invocations=17 (full 1):
 PSYoungGen      total 153856K, used 7193K [0x95000000, 0x9f580000, 0xa7000000)
  eden space 145152K, 0% used [0x95000000,0x95000000,0x9ddc0000)
  from space 8704K, 82% used [0x9e700000,0x9ee06710,0x9ef80000)
  to   space 9472K, 0% used [0x9ddc0000,0x9ddc0000,0x9e700000)
 ParOldGen       total 37376K, used 21733K [0x71000000, 0x73480000, 0x95000000)
  object space 37376K, 58% used [0x71000000,0x725394b8,0x73480000)
 Metaspace       used 26993K, capacity 27210K, committed 27308K, reserved 27952K
}
Event: 17.760 GC heap before
{Heap before GC invocations=18 (full 2):
 PSYoungGen      total 153856K, used 7193K [0x95000000, 0x9f580000, 0xa7000000)
  eden space 145152K, 0% used [0x95000000,0x95000000,0x9ddc0000)
  from space 8704K, 82% used [0x9e700000,0x9ee06710,0x9ef80000)
  to   space 9472K, 0% used [0x9ddc0000,0x9ddc0000,0x9e700000)
 ParOldGen       total 37376K, used 21733K [0x71000000, 0x73480000, 0x95000000)
  object space 37376K, 58% used [0x71000000,0x725394b8,0x73480000)
 Metaspace       used 26993K, capacity 27210K, committed 27308K, reserved 27952K
Event: 17.814 GC heap after
Heap after GC invocations=18 (full 2):
 PSYoungGen      total 153856K, used 0K [0x95000000, 0x9f580000, 0xa7000000)
  eden space 145152K, 0% used [0x95000000,0x95000000,0x9ddc0000)
  from space 8704K, 0% used [0x9e700000,0x9e700000,0x9ef80000)
  to   space 9472K, 0% used [0x9ddc0000,0x9ddc0000,0x9e700000)
 ParOldGen       total 56064K, used 25776K [0x71000000, 0x746c0000, 0x95000000)
  object space 56064K, 45% used [0x71000000,0x7292c370,0x746c0000)
 Metaspace       used 26993K, capacity 27210K, committed 27308K, reserved 27952K
}
Event: 178.203 GC heap before
{Heap before GC invocations=19 (full 2):
 PSYoungGen      total 153856K, used 145152K [0x95000000, 0x9f580000, 0xa7000000)
  eden space 145152K, 100% used [0x95000000,0x9ddc0000,0x9ddc0000)
  from space 8704K, 0% used [0x9e700000,0x9e700000,0x9ef80000)
  to   space 9472K, 0% used [0x9ddc0000,0x9ddc0000,0x9e700000)
 ParOldGen       total 56064K, used 25776K [0x71000000, 0x746c0000, 0x95000000)
  object space 56064K, 45% used [0x71000000,0x7292c370,0x746c0000)
 Metaspace       used 31515K, capacity 31774K, committed 32000K, reserved 32048K

