# JRE version: Java(TM) SE Runtime Environment (8.0_121-b13) (build 1.8.0_121-b13)
# Java VM: Java HotSpot(TM) Server VM (25.121-b13 mixed mode linux-x86 )
Heap:
 PSYoungGen      total 59904K, used 5106K [0x95000000, 0x99000000, 0xa7000000)
  eden space 54272K, 0% used [0x95000000,0x95000000,0x98500000)
  from space 5632K, 90% used [0x98500000,0x989fcb38,0x98a80000)
  to   space 5632K, 0% used [0x98a80000,0x98a80000,0x99000000)
 ParOldGen       total 36864K, used 10750K [0x71000000, 0x73400000, 0x95000000)
  object space 36864K, 29% used [0x71000000,0x71a7f8c0,0x73400000)
 Metaspace       used 9701K, capacity 9941K, committed 10008K, reserved 10544K
GC Heap History (10 events):
Event: 4.856 GC heap after
Heap after GC invocations=4 (full 0):
 PSYoungGen      total 29952K, used 2298K [0x95000000, 0x96f80000, 0xa7000000)
  eden space 27648K, 0% used [0x95000000,0x95000000,0x96b00000)
  from space 2304K, 99% used [0x96d40000,0x96f7e870,0x96f80000)
  to   space 2304K, 0% used [0x96b00000,0x96b00000,0x96d40000)
 ParOldGen       total 36864K, used 4912K [0x71000000, 0x73400000, 0x95000000)
  object space 36864K, 13% used [0x71000000,0x714cc3b0,0x73400000)
 Metaspace       used 8361K, capacity 8584K, committed 8600K, reserved 9520K
}
Event: 7.611 GC heap before
{Heap before GC invocations=5 (full 0):
 PSYoungGen      total 29952K, used 29946K [0x95000000, 0x96f80000, 0xa7000000)
  eden space 27648K, 100% used [0x95000000,0x96b00000,0x96b00000)
  from space 2304K, 99% used [0x96d40000,0x96f7e870,0x96f80000)
  to   space 2304K, 0% used [0x96b00000,0x96b00000,0x96d40000)
 ParOldGen       total 36864K, used 4912K [0x71000000, 0x73400000, 0x95000000)
  object space 36864K, 13% used [0x71000000,0x714cc3b0,0x73400000)
 Metaspace       used 8790K, capacity 8985K, committed 9112K, reserved 9520K
Event: 7.623 GC heap after
Heap after GC invocations=5 (full 0):
 PSYoungGen      total 29184K, used 2298K [0x95000000, 0x97540000, 0xa7000000)
  eden space 26880K, 0% used [0x95000000,0x95000000,0x96a40000)
  from space 2304K, 99% used [0x96b00000,0x96d3e870,0x96d40000)
  to   space 5632K, 0% used [0x96fc0000,0x96fc0000,0x97540000)
 ParOldGen       total 36864K, used 7162K [0x71000000, 0x73400000, 0x95000000)
  object space 36864K, 19% used [0x71000000,0x716fe938,0x73400000)
 Metaspace       used 8790K, capacity 8985K, committed 9112K, reserved 9520K
}
Event: 11.796 GC heap before
{Heap before GC invocations=6 (full 0):
 PSYoungGen      total 29184K, used 29178K [0x95000000, 0x97540000, 0xa7000000)
  eden space 26880K, 100% used [0x95000000,0x96a40000,0x96a40000)
  from space 2304K, 99% used [0x96b00000,0x96d3e870,0x96d40000)
  to   space 5632K, 0% used [0x96fc0000,0x96fc0000,0x97540000)
 ParOldGen       total 36864K, used 7162K [0x71000000, 0x73400000, 0x95000000)
  object space 36864K, 19% used [0x71000000,0x716fe938,0x73400000)
 Metaspace       used 8874K, capacity 9081K, committed 9112K, reserved 9520K
Event: 12.046 GC heap after
Heap after GC invocations=6 (full 0):
 PSYoungGen      total 32768K, used 3962K [0x95000000, 0x98f00000, 0xa7000000)
  eden space 27136K, 0% used [0x95000000,0x95000000,0x96a80000)
  from space 5632K, 70% used [0x96fc0000,0x9739e870,0x97540000)
  to   space 5376K, 0% used [0x96a80000,0x96a80000,0x96fc0000)
 ParOldGen       total 36864K, used 7162K [0x71000000, 0x73400000, 0x95000000)
  object space 36864K, 19% used [0x71000000,0x716fe938,0x73400000)
 Metaspace       used 8874K, capacity 9081K, committed 9112K, reserved 9520K
}
Event: 59.345 GC heap before
{Heap before GC invocations=7 (full 0):
 PSYoungGen      total 32768K, used 31098K [0x95000000, 0x98f00000, 0xa7000000)
  eden space 27136K, 100% used [0x95000000,0x96a80000,0x96a80000)
  from space 5632K, 70% used [0x96fc0000,0x9739e870,0x97540000)
  to   space 5376K, 0% used [0x96a80000,0x96a80000,0x96fc0000)
 ParOldGen       total 36864K, used 7162K [0x71000000, 0x73400000, 0x95000000)
  object space 36864K, 19% used [0x71000000,0x716fe938,0x73400000)
 Metaspace       used 8959K, capacity 9184K, committed 9240K, reserved 9520K
Event: 59.464 GC heap after
Heap after GC invocations=7 (full 0):
 PSYoungGen      total 32512K, used 4506K [0x95000000, 0x99000000, 0xa7000000)
  eden space 27136K, 0% used [0x95000000,0x95000000,0x96a80000)
  from space 5376K, 83% used [0x96a80000,0x96ee6830,0x96fc0000)
  to   space 5632K, 0% used [0x98a80000,0x98a80000,0x99000000)
 ParOldGen       total 36864K, used 7919K [0x71000000, 0x73400000, 0x95000000)
  object space 36864K, 21% used [0x71000000,0x717bbee0,0x73400000)
 Metaspace       used 8959K, capacity 9184K, committed 9240K, reserved 9520K
}
Event: 81.887 GC heap before
{Heap before GC invocations=8 (full 0):
 PSYoungGen      total 32512K, used 31642K [0x95000000, 0x99000000, 0xa7000000)
  eden space 27136K, 100% used [0x95000000,0x96a80000,0x96a80000)
  from space 5376K, 83% used [0x96a80000,0x96ee6830,0x96fc0000)
  to   space 5632K, 0% used [0x98a80000,0x98a80000,0x99000000)
 ParOldGen       total 36864K, used 7919K [0x71000000, 0x73400000, 0x95000000)
  object space 36864K, 21% used [0x71000000,0x717bbee0,0x73400000)
 Metaspace       used 9028K, capacity 9248K, committed 9368K, reserved 9520K
Event: 82.079 GC heap after
Heap after GC invocations=8 (full 0):
 PSYoungGen      total 59904K, used 4640K [0x95000000, 0x99000000, 0xa7000000)
  eden space 54272K, 0% used [0x95000000,0x95000000,0x98500000)
  from space 5632K, 82% used [0x98a80000,0x98f08020,0x99000000)
  to   space 5632K, 0% used [0x98500000,0x98500000,0x98a80000)
 ParOldGen       total 36864K, used 8799K [0x71000000, 0x73400000, 0x95000000)
  object space 36864K, 23% used [0x71000000,0x71897f00,0x73400000)
 Metaspace       used 9028K, capacity 9248K, committed 9368K, reserved 9520K
}
Event: 226.801 GC heap before
{Heap before GC invocations=9 (full 0):
 PSYoungGen      total 59904K, used 58912K [0x95000000, 0x99000000, 0xa7000000)
  eden space 54272K, 100% used [0x95000000,0x98500000,0x98500000)
  from space 5632K, 82% used [0x98a80000,0x98f08020,0x99000000)
  to   space 5632K, 0% used [0x98500000,0x98500000,0x98a80000)
 ParOldGen       total 36864K, used 8799K [0x71000000, 0x73400000, 0x95000000)
  object space 36864K, 23% used [0x71000000,0x71897f00,0x73400000)
 Metaspace       used 9701K, capacity 9941K, committed 10008K, reserved 10544K

